<?xml version="1.0" encoding="UTF-8"?>
<coverage generated="1487983198">
  <project timestamp="1487983198">
    <package name="SalKhimani\LumenPassport\Console\Commands">
      <file name="/home/kayrules/Projects/git-fork/lumen-passport-mongodb/src/Console/Commands/Purge.php">
        <class name="Purge" namespace="SalKhimani\LumenPassport\Console\Commands">
          <metrics complexity="3" methods="1" coveredmethods="0" conditionals="0" coveredconditionals="0" statements="10" coveredstatements="0" elements="11" coveredelements="0"/>
        </class>
        <line num="33" type="method" name="handle" visibility="public" complexity="3" crap="12" count="0"/>
        <line num="34" type="stmt" count="0"/>
        <line num="35" type="stmt" count="0"/>
        <line num="37" type="stmt" count="0"/>
        <line num="38" type="stmt" count="0"/>
        <line num="41" type="stmt" count="0"/>
        <line num="42" type="stmt" count="0"/>
        <line num="43" type="stmt" count="0"/>
        <line num="44" type="stmt" count="0"/>
        <line num="46" type="stmt" count="0"/>
        <line num="47" type="stmt" count="0"/>
        <metrics loc="48" ncloc="30" classes="1" methods="1" coveredmethods="0" conditionals="0" coveredconditionals="0" statements="10" coveredstatements="0" elements="11" coveredelements="0"/>
      </file>
    </package>
    <package name="SalKhimani\LumenPassport\Http\Controllers">
      <file name="/home/kayrules/Projects/git-fork/lumen-passport-mongodb/src/Http/Controllers/AccessTokenController.php">
        <class name="AccessTokenController" namespace="SalKhimani\LumenPassport\Http\Controllers" fullPackage="SalKhimani" package="SalKhimani">
          <metrics complexity="13" methods="4" coveredmethods="0" conditionals="0" coveredconditionals="0" statements="27" coveredstatements="0" elements="31" coveredelements="0"/>
        </class>
        <line num="24" type="method" name="issueToken" visibility="public" complexity="7" crap="56" count="0"/>
        <line num="25" type="stmt" count="0"/>
        <line num="26" type="method" name="anonymous function" complexity="2" crap="6" count="0"/>
        <line num="27" type="stmt" count="0"/>
        <line num="28" type="stmt" count="0"/>
        <line num="31" type="stmt" count="0"/>
        <line num="32" type="stmt" count="0"/>
        <line num="33" type="stmt" count="0"/>
        <line num="35" type="stmt" count="0"/>
        <line num="36" type="stmt" count="0"/>
        <line num="38" type="stmt" count="0"/>
        <line num="39" type="stmt" count="0"/>
        <line num="40" type="stmt" count="0"/>
        <line num="42" type="stmt" count="0"/>
        <line num="44" type="stmt" count="0"/>
        <line num="45" type="stmt" count="0"/>
        <line num="46" type="stmt" count="0"/>
        <line num="48" type="stmt" count="0"/>
        <line num="50" type="stmt" count="0"/>
        <line num="51" type="stmt" count="0"/>
        <line num="52" type="stmt" count="0"/>
        <line num="53" type="stmt" count="0"/>
        <line num="55" type="stmt" count="0"/>
        <line num="56" type="stmt" count="0"/>
        <line num="63" type="method" name="makePasswordGrant" visibility="private" complexity="1" crap="2" count="0"/>
        <line num="64" type="stmt" count="0"/>
        <line num="65" type="stmt" count="0"/>
        <line num="66" type="stmt" count="0"/>
        <line num="67" type="stmt" count="0"/>
        <line num="68" type="stmt" count="0"/>
        <line num="70" type="stmt" count="0"/>
        <line num="72" type="stmt" count="0"/>
        <line num="73" type="stmt" count="0"/>
        <line num="82" type="method" name="revokeOrDeleteAccessTokens" visibility="protected" complexity="3" crap="12" count="0"/>
        <line num="83" type="stmt" count="0"/>
        <line num="84" type="stmt" count="0"/>
        <line num="86" type="stmt" count="0"/>
        <line num="87" type="stmt" count="0"/>
        <line num="88" type="stmt" count="0"/>
        <line num="90" type="stmt" count="0"/>
        <line num="91" type="stmt" count="0"/>
        <line num="92" type="stmt" count="0"/>
        <line num="93" type="stmt" count="0"/>
        <line num="94" type="stmt" count="0"/>
        <line num="95" type="stmt" count="0"/>
        <metrics loc="96" ncloc="70" classes="1" methods="4" coveredmethods="0" conditionals="0" coveredconditionals="0" statements="41" coveredstatements="0" elements="45" coveredelements="0"/>
      </file>
    </package>
    <package name="SalKhimani\LumenPassport">
      <file name="/home/kayrules/Projects/git-fork/lumen-passport-mongodb/src/LumenPassport.php">
        <class name="LumenPassport" namespace="SalKhimani\LumenPassport">
          <metrics complexity="6" methods="3" coveredmethods="0" conditionals="0" coveredconditionals="0" statements="17" coveredstatements="0" elements="20" coveredelements="0"/>
        </class>
        <line num="29" type="method" name="allowMultipleTokens" visibility="public" complexity="1" crap="2" count="0"/>
        <line num="30" type="stmt" count="0"/>
        <line num="31" type="stmt" count="0"/>
        <line num="32" type="stmt" count="0"/>
        <line num="37" type="method" name="prunePreviousTokens" visibility="public" complexity="1" crap="2" count="0"/>
        <line num="38" type="stmt" count="0"/>
        <line num="39" type="stmt" count="0"/>
        <line num="40" type="stmt" count="0"/>
        <line num="49" type="method" name="tokensExpireIn" visibility="public" complexity="4" crap="20" count="0"/>
        <line num="50" type="stmt" count="0"/>
        <line num="51" type="stmt" count="0"/>
        <line num="53" type="stmt" count="0"/>
        <line num="54" type="stmt" count="0"/>
        <line num="55" type="stmt" count="0"/>
        <line num="56" type="stmt" count="0"/>
        <line num="57" type="stmt" count="0"/>
        <line num="58" type="stmt" count="0"/>
        <line num="59" type="stmt" count="0"/>
        <line num="61" type="stmt" count="0"/>
        <line num="62" type="stmt" count="0"/>
        <metrics loc="63" ncloc="40" classes="1" methods="3" coveredmethods="0" conditionals="0" coveredconditionals="0" statements="17" coveredstatements="0" elements="20" coveredelements="0"/>
      </file>
      <file name="/home/kayrules/Projects/git-fork/lumen-passport-mongodb/src/PassportServiceProvider.php">
        <class name="PassportServiceProvider" namespace="SalKhimani\LumenPassport" fullPackage="App" package="App">
          <metrics complexity="9" methods="8" coveredmethods="0" conditionals="0" coveredconditionals="0" statements="67" coveredstatements="0" elements="75" coveredelements="0"/>
        </class>
        <line num="25" type="method" name="boot" visibility="public" complexity="2" crap="6" count="0"/>
        <line num="26" type="stmt" count="0"/>
        <line num="28" type="stmt" count="0"/>
        <line num="29" type="stmt" count="0"/>
        <line num="31" type="stmt" count="0"/>
        <line num="32" type="stmt" count="0"/>
        <line num="33" type="stmt" count="0"/>
        <line num="34" type="stmt" count="0"/>
        <line num="35" type="stmt" count="0"/>
        <line num="37" type="stmt" count="0"/>
        <line num="38" type="stmt" count="0"/>
        <line num="42" type="method" name="register" visibility="public" complexity="1" crap="2" count="0"/>
        <line num="43" type="stmt" count="0"/>
        <line num="44" type="stmt" count="0"/>
        <line num="51" type="method" name="registerRoutes" visibility="public" complexity="1" crap="2" count="0"/>
        <line num="52" type="stmt" count="0"/>
        <line num="53" type="stmt" count="0"/>
        <line num="54" type="stmt" count="0"/>
        <line num="55" type="stmt" count="0"/>
        <line num="56" type="stmt" count="0"/>
        <line num="57" type="stmt" count="0"/>
        <line num="64" type="method" name="forAccessTokens" visibility="public" complexity="1" crap="2" count="0"/>
        <line num="65" type="stmt" count="0"/>
        <line num="67" type="stmt" count="0"/>
        <line num="68" type="stmt" count="0"/>
        <line num="69" type="stmt" count="0"/>
        <line num="70" type="stmt" count="0"/>
        <line num="73" type="stmt" count="0"/>
        <line num="74" type="stmt" count="0"/>
        <line num="75" type="stmt" count="0"/>
        <line num="77" type="stmt" count="0"/>
        <line num="78" type="stmt" count="0"/>
        <line num="79" type="stmt" count="0"/>
        <line num="80" type="stmt" count="0"/>
        <line num="81" type="stmt" count="0"/>
        <line num="88" type="method" name="forTransientTokens" visibility="public" complexity="1" crap="2" count="0"/>
        <line num="89" type="stmt" count="0"/>
        <line num="91" type="stmt" count="0"/>
        <line num="92" type="stmt" count="0"/>
        <line num="93" type="stmt" count="0"/>
        <line num="94" type="stmt" count="0"/>
        <line num="95" type="stmt" count="0"/>
        <line num="96" type="stmt" count="0"/>
        <line num="103" type="method" name="forClients" visibility="public" complexity="1" crap="2" count="0"/>
        <line num="104" type="stmt" count="0"/>
        <line num="106" type="stmt" count="0"/>
        <line num="107" type="stmt" count="0"/>
        <line num="108" type="stmt" count="0"/>
        <line num="110" type="stmt" count="0"/>
        <line num="111" type="stmt" count="0"/>
        <line num="112" type="stmt" count="0"/>
        <line num="114" type="stmt" count="0"/>
        <line num="115" type="stmt" count="0"/>
        <line num="116" type="stmt" count="0"/>
        <line num="118" type="stmt" count="0"/>
        <line num="119" type="stmt" count="0"/>
        <line num="120" type="stmt" count="0"/>
        <line num="121" type="stmt" count="0"/>
        <line num="122" type="stmt" count="0"/>
        <line num="129" type="method" name="forPersonalAccessTokens" visibility="public" complexity="1" crap="2" count="0"/>
        <line num="130" type="stmt" count="0"/>
        <line num="131" type="method" name="anonymous function" complexity="1" crap="2" count="0"/>
        <line num="132" type="stmt" count="0"/>
        <line num="133" type="stmt" count="0"/>
        <line num="134" type="stmt" count="0"/>
        <line num="136" type="stmt" count="0"/>
        <line num="137" type="stmt" count="0"/>
        <line num="138" type="stmt" count="0"/>
        <line num="140" type="stmt" count="0"/>
        <line num="141" type="stmt" count="0"/>
        <line num="142" type="stmt" count="0"/>
        <line num="144" type="stmt" count="0"/>
        <line num="145" type="stmt" count="0"/>
        <line num="146" type="stmt" count="0"/>
        <line num="147" type="stmt" count="0"/>
        <line num="148" type="stmt" count="0"/>
        <metrics loc="149" ncloc="109" classes="1" methods="8" coveredmethods="0" conditionals="0" coveredconditionals="0" statements="68" coveredstatements="0" elements="76" coveredelements="0"/>
      </file>
    </package>
    <metrics files="4" loc="356" ncloc="249" classes="4" methods="16" coveredmethods="0" conditionals="0" coveredconditionals="0" statements="136" coveredstatements="0" elements="152" coveredelements="0"/>
  </project>
</coverage>
